CookieSpec selected: best-match
Auth cache not set in the context
Connection request: [route: {}->http://127.0.0.1:4923][total kept alive: 0; route allocated: 0 of 2000; total allocated: 0 of 2000]
Connection leased: [id: 0][route: {}->http://127.0.0.1:4923][total kept alive: 0; route allocated: 1 of 2000; total allocated: 1 of 2000]
Opening connection {}->http://127.0.0.1:4923
Connecting to /127.0.0.1:4923
Connection established 127.0.0.1:61402<->127.0.0.1:4923
Executing request POST /wd/hub/session HTTP/1.1
Target auth state: UNCHALLENGED
Proxy auth state: UNCHALLENGED
http-outgoing-0 >> POST /wd/hub/session HTTP/1.1
http-outgoing-0 >> Content-Type: application/json; charset=utf-8
http-outgoing-0 >> Content-Length: 186
http-outgoing-0 >> Host: 127.0.0.1:4923
http-outgoing-0 >> Connection: Keep-Alive
http-outgoing-0 >> User-Agent: Apache-HttpClient/4.3.3 (java 1.5)
http-outgoing-0 >> Accept-Encoding: gzip,deflate
http-outgoing-0 >> "POST /wd/hub/session HTTP/1.1[\r][\n]"
http-outgoing-0 >> "Content-Type: application/json; charset=utf-8[\r][\n]"
http-outgoing-0 >> "Content-Length: 186[\r][\n]"
http-outgoing-0 >> "Host: 127.0.0.1:4923[\r][\n]"
http-outgoing-0 >> "Connection: Keep-Alive[\r][\n]"
http-outgoing-0 >> "User-Agent: Apache-HttpClient/4.3.3 (java 1.5)[\r][\n]"
http-outgoing-0 >> "Accept-Encoding: gzip,deflate[\r][\n]"
http-outgoing-0 >> "[\r][\n]"
http-outgoing-0 >> "{"desiredCapabilities":{"app":"/Users/chris_wu/Downloads/WalkingNext-e8ebd734c3.app","locationServicesEnabled":true,"platformName":"iOS","deviceName":"iPhone 6","platformVersion":"9.3"}}"
http-outgoing-0 << "HTTP/1.1 500 Internal Server Error[\r][\n]"
http-outgoing-0 << "X-Powered-By: Express[\r][\n]"
http-outgoing-0 << "Access-Control-Allow-Origin: *[\r][\n]"
http-outgoing-0 << "Access-Control-Allow-Methods: GET,POST,PUT,OPTIONS,DELETE[\r][\n]"
http-outgoing-0 << "Access-Control-Allow-Headers: origin, content-type, accept[\r][\n]"
http-outgoing-0 << "Vary: X-HTTP-Method-Override[\r][\n]"
http-outgoing-0 << "Content-Type: application/json; charset=utf-8[\r][\n]"
http-outgoing-0 << "Content-Length: 716[\r][\n]"
http-outgoing-0 << "Date: Tue, 18 Oct 2016 13:14:38 GMT[\r][\n]"
http-outgoing-0 << "Connection: keep-alive[\r][\n]"
http-outgoing-0 << "[\r][\n]"
http-outgoing-0 << "{"status":33,"value":{"message":"A new session could not be created. (Original error: Bad app: /Users/chris_wu/Downloads/WalkingNext-e8ebd734c3.app. App paths need to be absolute, or relative to the appium server install dir, or a URL to compressed file, or a special app name. cause: Error: Error locating the app: ENOENT, stat '/Users/chris_wu/Downloads/WalkingNext-e8ebd734c3.app')","origValue":"Bad app: /Users/chris_wu/Downloads/WalkingNext-e8ebd734c3.app. App paths need to be absolute, or relative to the appium server install dir, or a URL to compressed file, or a special app name. cause: Error: Error locating the app: ENOENT, stat '/Users/chris_wu/Downloads/WalkingNext-e8ebd734c3.app'"},"sessionId":null}"
http-outgoing-0 << HTTP/1.1 500 Internal Server Error
http-outgoing-0 << X-Powered-By: Express
http-outgoing-0 << Access-Control-Allow-Origin: *
http-outgoing-0 << Access-Control-Allow-Methods: GET,POST,PUT,OPTIONS,DELETE
http-outgoing-0 << Access-Control-Allow-Headers: origin, content-type, accept
http-outgoing-0 << Vary: X-HTTP-Method-Override
http-outgoing-0 << Content-Type: application/json; charset=utf-8
http-outgoing-0 << Content-Length: 716
http-outgoing-0 << Date: Tue, 18 Oct 2016 13:14:38 GMT
http-outgoing-0 << Connection: keep-alive
Connection can be kept alive indefinitely
Connection [id: 0][route: {}->http://127.0.0.1:4923] can be kept alive indefinitely
Connection released: [id: 0][route: {}->http://127.0.0.1:4923][total kept alive: 1; route allocated: 1 of 2000; total allocated: 1 of 2000]
